Arguments: 
  /usr/bin/node /usr/bin/yarn add diskdb

PATH: 
  /home/nkaurelien/bin:/home/nkaurelien/.local/bin:/usr/local/sbin:/usr/local/bin:/usr/sbin:/usr/bin:/sbin:/bin:/usr/games:/usr/local/games:/opt/lampp:/opt/lampp/bin:/home/jdk/jdk8/bin:/android-sdk-linux-for-studio:/android-sdk-linux-for-studio/platform-tools:/android-sdk-linux-for-studio/tools:/android-studio/gradle/gradle-3.2/bin:/opt/lampp:/opt/lampp/bin:/home/jdk/jdk8/bin:/android-sdk-linux-for-studio:/android-sdk-linux-for-studio/platform-tools:/android-sdk-linux-for-studio/tools:/android-studio/gradle/gradle-3.2/bin

Yarn version: 
  1.5.1

Node version: 
  8.9.4

Platform: 
  linux x64

npm manifest: 
  {
    "name": "node-js-getting-started",
    "version": "0.2.5",
    "description": "A sample Node.js app using Express 4",
    "engines": {
      "node": "5.9.1"
    },
    "main": "index.js",
    "scripts": {
      "start": "node index.js"
    },
    "dependencies": {
      "ejs": "2.4.1",
      "express": "4.13.3"
    },
    "repository": {
      "type": "git",
      "url": "https://github.com/heroku/node-js-getting-started"
    },
    "keywords": [
      "node",
      "heroku",
      "express"
    ],
    "license": "MIT"
  }

yarn manifest: 
  No manifest

Lockfile: 
  No lockfile

Trace: 
  Error: Found incompatible module
      at new MessageError (/usr/lib/node_modules/yarn/lib/cli.js:186:110)
      at Object.checkOne (/usr/lib/node_modules/yarn/lib/cli.js:62444:11)
      at /usr/lib/node_modules/yarn/lib/cli.js:22773:75
      at Generator.next (<anonymous>)
      at step (/usr/lib/node_modules/yarn/lib/cli.js:98:30)
      at /usr/lib/node_modules/yarn/lib/cli.js:116:14
      at new Promise (<anonymous>)
      at new F (/usr/lib/node_modules/yarn/lib/cli.js:23451:28)
      at /usr/lib/node_modules/yarn/lib/cli.js:95:12
      at /usr/lib/node_modules/yarn/lib/cli.js:22777:27
